0 info it worked if it ends with ok
1 verbose cli [ 'node', '/usr/local/bin/npm', 'install', 'aJson' ]
2 info using npm@2.11.2
3 info using node@v0.12.5
4 verbose install initial load of /Users/connormason/Documents/Personal/BoozeBot/package.json
5 warn package.json boozebot@0.0.1 No repository field.
6 warn package.json boozebot@0.0.1 No license field.
7 verbose installManyTop reading scoped package data from /Users/connormason/Documents/Personal/BoozeBot/node_modules/colors/package.json
8 verbose installManyTop reading scoped package data from /Users/connormason/Documents/Personal/BoozeBot/node_modules/firebase/package.json
9 verbose installManyTop reading scoped package data from /Users/connormason/Documents/Personal/BoozeBot/node_modules/firebase-queue/package.json
10 verbose installManyTop reading scoped package data from /Users/connormason/Documents/Personal/BoozeBot/node_modules/serialport/package.json
11 info package.json serialport@1.7.4 No license field.
12 info package.json firebase@2.2.7 No license field.
13 verbose readDependencies loading dependencies from /Users/connormason/Documents/Personal/BoozeBot/package.json
14 silly cache add args [ 'aJson', null ]
15 verbose cache add spec aJson
16 silly cache add parsed spec { raw: 'aJson',
16 silly cache add   scope: null,
16 silly cache add   name: 'aJson',
16 silly cache add   rawSpec: '',
16 silly cache add   spec: '*',
16 silly cache add   type: 'range' }
17 silly addNamed aJson@*
18 verbose addNamed "*" is a valid semver range for aJson
19 silly addNameRange { name: 'aJson', range: '*', hasData: false }
20 silly mapToRegistry name aJson
21 silly mapToRegistry using default registry
22 silly mapToRegistry registry https://registry.npmjs.org/
23 silly mapToRegistry uri https://registry.npmjs.org/aJson
24 verbose addNameRange registry:https://registry.npmjs.org/aJson not in flight; fetching
25 verbose request uri https://registry.npmjs.org/aJson
26 verbose request no auth needed
27 info attempt registry request try #1 at 11:16:29 AM
28 verbose request id f45c995d50119bb6
29 http request GET https://registry.npmjs.org/aJson
30 http 404 https://registry.npmjs.org/aJson
31 verbose headers { server: 'CouchDB/1.5.0 (Erlang OTP/R16B03)',
31 verbose headers   'content-type': 'application/json',
31 verbose headers   'cache-control': 'max-age=0',
31 verbose headers   'content-length': '51',
31 verbose headers   'accept-ranges': 'bytes',
31 verbose headers   date: 'Mon, 03 Aug 2015 18:16:29 GMT',
31 verbose headers   via: '1.1 varnish',
31 verbose headers   age: '0',
31 verbose headers   connection: 'keep-alive',
31 verbose headers   'x-served-by': 'cache-sjc3135-SJC',
31 verbose headers   'x-cache': 'MISS',
31 verbose headers   'x-cache-hits': '0',
31 verbose headers   'x-timer': 'S1438625789.819146,VS0,VE42' }
32 silly get cb [ 404,
32 silly get   { server: 'CouchDB/1.5.0 (Erlang OTP/R16B03)',
32 silly get     'content-type': 'application/json',
32 silly get     'cache-control': 'max-age=0',
32 silly get     'content-length': '51',
32 silly get     'accept-ranges': 'bytes',
32 silly get     date: 'Mon, 03 Aug 2015 18:16:29 GMT',
32 silly get     via: '1.1 varnish',
32 silly get     age: '0',
32 silly get     connection: 'keep-alive',
32 silly get     'x-served-by': 'cache-sjc3135-SJC',
32 silly get     'x-cache': 'MISS',
32 silly get     'x-cache-hits': '0',
32 silly get     'x-timer': 'S1438625789.819146,VS0,VE42' } ]
33 verbose stack Error: 404 Not Found: aJson
33 verbose stack     at CachingRegistryClient.<anonymous> (/usr/local/lib/node_modules/npm/node_modules/npm-registry-client/lib/request.js:245:14)
33 verbose stack     at Request._callback (/usr/local/lib/node_modules/npm/node_modules/npm-registry-client/lib/request.js:170:14)
33 verbose stack     at Request.self.callback (/usr/local/lib/node_modules/npm/node_modules/request/request.js:354:22)
33 verbose stack     at Request.emit (events.js:110:17)
33 verbose stack     at Request.<anonymous> (/usr/local/lib/node_modules/npm/node_modules/request/request.js:1207:14)
33 verbose stack     at Request.emit (events.js:129:20)
33 verbose stack     at IncomingMessage.<anonymous> (/usr/local/lib/node_modules/npm/node_modules/request/request.js:1153:12)
33 verbose stack     at IncomingMessage.emit (events.js:129:20)
33 verbose stack     at _stream_readable.js:908:16
33 verbose stack     at process._tickCallback (node.js:355:11)
34 verbose statusCode 404
35 verbose pkgid aJson
36 verbose cwd /Users/connormason/Documents/Personal/BoozeBot
37 error Darwin 14.4.0
38 error argv "node" "/usr/local/bin/npm" "install" "aJson"
39 error node v0.12.5
40 error npm  v2.11.2
41 error code E404
42 error 404 Not Found: aJson
42 error 404
42 error 404 'aJson' is not in the npm registry.
42 error 404 Your package name is not valid, because
42 error 404
42 error 404  1. name can no longer contain capital letters
42 error 404 It was specified as a dependency of 'boozebot'
42 error 404
42 error 404 Note that you can also install from a
42 error 404 tarball, folder, http url, or git url.
43 verbose exit [ 1, true ]
